{
  "stats": {
    "suites": 1,
    "tests": 1,
    "passes": 0,
    "pending": 0,
    "failures": 1,
    "start": "2019-05-20T14:29:50.732Z",
    "end": "2019-05-20T14:29:50.863Z",
    "duration": 131,
    "testsRegistered": 1,
    "passPercent": 0,
    "pendingPercent": 0,
    "other": 0,
    "hasOther": false,
    "skipped": 0,
    "hasSkipped": false,
    "passPercentClass": "danger",
    "pendingPercentClass": "danger"
  },
  "suites": {
    "uuid": "33c7b3cd-c09f-4952-a67c-ce1a40eb9686",
    "title": "",
    "fullFile": "",
    "file": "",
    "beforeHooks": [],
    "afterHooks": [],
    "tests": [],
    "suites": [
      {
        "uuid": "aa3871d9-25d8-429a-807d-14ffc33b522a",
        "title": "node接口",
        "fullFile": "/Users/yuanzhijia/Desktop/yd-qa/tests/service/router.spec.js",
        "file": "/tests/service/router.spec.js",
        "beforeHooks": [],
        "afterHooks": [],
        "tests": [
          {
            "title": "test接口测试",
            "fullTitle": "node接口 test接口测试",
            "timedOut": false,
            "duration": 123,
            "state": "failed",
            "pass": false,
            "fail": true,
            "pending": false,
            "code": "axios.get(\"http://xcssss.com\")\n.then(function(response){\n    if(response.data.xx == \"\"){\n        done();\n    }else{\n        done(new Error(\"数据请求出错\"))\n    }\n}).catch(function(error){\n    done(error);\n})",
            "err": {
              "message": "Error: getaddrinfo ENOTFOUND xcssss.com xcssss.com:80",
              "estack": "Error: getaddrinfo ENOTFOUND xcssss.com xcssss.com:80\n    at GetAddrInfoReqWrap.onlookup [as oncomplete] (dns.js:56:26)"
            },
            "isRoot": false,
            "uuid": "e75c7945-dc55-4c56-bcdd-dd80186c2a81",
            "isHook": false,
            "skipped": false
          }
        ],
        "suites": [],
        "passes": [],
        "failures": [
          "e75c7945-dc55-4c56-bcdd-dd80186c2a81"
        ],
        "pending": [],
        "skipped": [],
        "duration": 123,
        "root": false,
        "rootEmpty": false,
        "_timeout": 2000
      }
    ],
    "passes": [],
    "failures": [],
    "pending": [],
    "skipped": [],
    "duration": 0,
    "root": true,
    "rootEmpty": true,
    "_timeout": 2000
  },
  "copyrightYear": 2019
}